02-Sep-2024 21:57:26.854 INFO [main] org.apache.catalina.startup.VersionLoggerListener.log Server version name:   Apache Tomcat/9.0.93
02-Sep-2024 21:57:26.942 INFO [main] org.apache.catalina.startup.VersionLoggerListener.log Server built:          Aug 2 2024 21:24:59 UTC
02-Sep-2024 21:57:26.942 INFO [main] org.apache.catalina.startup.VersionLoggerListener.log Server version number: 9.0.93.0
02-Sep-2024 21:57:26.942 INFO [main] org.apache.catalina.startup.VersionLoggerListener.log OS Name:               Windows 11
02-Sep-2024 21:57:26.943 INFO [main] org.apache.catalina.startup.VersionLoggerListener.log OS Version:            10.0
02-Sep-2024 21:57:26.943 INFO [main] org.apache.catalina.startup.VersionLoggerListener.log Architecture:          amd64
02-Sep-2024 21:57:26.943 INFO [main] org.apache.catalina.startup.VersionLoggerListener.log Java Home:             C:\Program Files\Java\jdk-22
02-Sep-2024 21:57:26.943 INFO [main] org.apache.catalina.startup.VersionLoggerListener.log JVM Version:           22.0.2+9-70
02-Sep-2024 21:57:26.944 INFO [main] org.apache.catalina.startup.VersionLoggerListener.log JVM Vendor:            Oracle Corporation
02-Sep-2024 21:57:26.944 INFO [main] org.apache.catalina.startup.VersionLoggerListener.log CATALINA_BASE:         C:\Users\vitor.RASO\Documents\Faculdade\TomcatServer\apache-tomcat-9.0.93
02-Sep-2024 21:57:26.944 INFO [main] org.apache.catalina.startup.VersionLoggerListener.log CATALINA_HOME:         C:\Users\vitor.RASO\Documents\Faculdade\TomcatServer\apache-tomcat-9.0.93
02-Sep-2024 21:57:26.955 INFO [main] org.apache.catalina.startup.VersionLoggerListener.log Command line argument: --add-opens=java.base/java.lang=ALL-UNNAMED
02-Sep-2024 21:57:26.955 INFO [main] org.apache.catalina.startup.VersionLoggerListener.log Command line argument: --add-opens=java.base/java.io=ALL-UNNAMED
02-Sep-2024 21:57:26.957 INFO [main] org.apache.catalina.startup.VersionLoggerListener.log Command line argument: --add-opens=java.base/java.util=ALL-UNNAMED
02-Sep-2024 21:57:26.957 INFO [main] org.apache.catalina.startup.VersionLoggerListener.log Command line argument: --add-opens=java.base/java.util.concurrent=ALL-UNNAMED
02-Sep-2024 21:57:26.957 INFO [main] org.apache.catalina.startup.VersionLoggerListener.log Command line argument: --add-opens=java.rmi/sun.rmi.transport=ALL-UNNAMED
02-Sep-2024 21:57:26.957 INFO [main] org.apache.catalina.startup.VersionLoggerListener.log Command line argument: -Djava.util.logging.config.file=C:\Users\vitor.RASO\Documents\Faculdade\TomcatServer\apache-tomcat-9.0.93\conf\logging.properties
02-Sep-2024 21:57:26.957 INFO [main] org.apache.catalina.startup.VersionLoggerListener.log Command line argument: -Djava.util.logging.manager=org.apache.juli.ClassLoaderLogManager
02-Sep-2024 21:57:26.957 INFO [main] org.apache.catalina.startup.VersionLoggerListener.log Command line argument: -Djdk.tls.ephemeralDHKeySize=2048
02-Sep-2024 21:57:26.958 INFO [main] org.apache.catalina.startup.VersionLoggerListener.log Command line argument: -Djava.protocol.handler.pkgs=org.apache.catalina.webresources
02-Sep-2024 21:57:26.958 INFO [main] org.apache.catalina.startup.VersionLoggerListener.log Command line argument: -Dignore.endorsed.dirs=
02-Sep-2024 21:57:26.958 INFO [main] org.apache.catalina.startup.VersionLoggerListener.log Command line argument: -Dcatalina.base=C:\Users\vitor.RASO\Documents\Faculdade\TomcatServer\apache-tomcat-9.0.93
02-Sep-2024 21:57:26.958 INFO [main] org.apache.catalina.startup.VersionLoggerListener.log Command line argument: -Dcatalina.home=C:\Users\vitor.RASO\Documents\Faculdade\TomcatServer\apache-tomcat-9.0.93
02-Sep-2024 21:57:26.958 INFO [main] org.apache.catalina.startup.VersionLoggerListener.log Command line argument: -Djava.io.tmpdir=C:\Users\vitor.RASO\Documents\Faculdade\TomcatServer\apache-tomcat-9.0.93\temp
02-Sep-2024 21:57:28.825 INFO [main] org.apache.catalina.core.AprLifecycleListener.lifecycleEvent Loaded Apache Tomcat Native library [1.3.1] using APR version [1.7.4].
02-Sep-2024 21:57:28.825 INFO [main] org.apache.catalina.core.AprLifecycleListener.lifecycleEvent APR capabilities: IPv6 [true], sendfile [true], accept filters [false], random [true], UDS [true].
02-Sep-2024 21:57:28.825 INFO [main] org.apache.catalina.core.AprLifecycleListener.lifecycleEvent APR/OpenSSL configuration: useAprConnector [false], useOpenSSL [true]
02-Sep-2024 21:57:31.939 INFO [main] org.apache.catalina.core.AprLifecycleListener.initializeSSL OpenSSL successfully initialized [OpenSSL 3.0.14 4 Jun 2024]
02-Sep-2024 21:57:32.472 INFO [main] org.apache.coyote.AbstractProtocol.init Initializing ProtocolHandler ["http-nio-8080"]
02-Sep-2024 21:57:32.507 INFO [main] org.apache.catalina.startup.Catalina.load Server initialization in [5898] milliseconds
02-Sep-2024 21:57:32.667 INFO [main] org.apache.catalina.core.StandardService.startInternal Starting service [Catalina]
02-Sep-2024 21:57:32.668 INFO [main] org.apache.catalina.core.StandardEngine.startInternal Starting Servlet engine: [Apache Tomcat/9.0.93]
02-Sep-2024 21:57:32.686 INFO [main] org.apache.catalina.startup.HostConfig.deployDirectory Diretório de instalação da aplicação web [C:\Users\vitor.RASO\Documents\Faculdade\TomcatServer\apache-tomcat-9.0.93\webapps\docs]
02-Sep-2024 21:57:33.425 INFO [main] org.apache.jasper.servlet.TldScanner.scanJars At least one JAR was scanned for TLDs yet contained no TLDs. Enable debug logging for this logger for a complete list of JARs that were scanned but no TLDs were found in them. Skipping unneeded JARs during scanning can improve startup time and JSP compilation time.
02-Sep-2024 21:57:33.492 INFO [main] org.apache.catalina.startup.HostConfig.deployDirectory Deployment of web application directory [C:\Users\vitor.RASO\Documents\Faculdade\TomcatServer\apache-tomcat-9.0.93\webapps\docs] has finished in [802] ms
02-Sep-2024 21:57:33.492 INFO [main] org.apache.catalina.startup.HostConfig.deployDirectory Diretório de instalação da aplicação web [C:\Users\vitor.RASO\Documents\Faculdade\TomcatServer\apache-tomcat-9.0.93\webapps\examples]
02-Sep-2024 21:57:43.037 INFO [main] org.apache.jasper.servlet.TldScanner.scanJars At least one JAR was scanned for TLDs yet contained no TLDs. Enable debug logging for this logger for a complete list of JARs that were scanned but no TLDs were found in them. Skipping unneeded JARs during scanning can improve startup time and JSP compilation time.
02-Sep-2024 21:57:43.127 INFO [main] org.apache.catalina.startup.HostConfig.deployDirectory Deployment of web application directory [C:\Users\vitor.RASO\Documents\Faculdade\TomcatServer\apache-tomcat-9.0.93\webapps\examples] has finished in [9.635] ms
02-Sep-2024 21:57:43.127 INFO [main] org.apache.catalina.startup.HostConfig.deployDirectory Diretório de instalação da aplicação web [C:\Users\vitor.RASO\Documents\Faculdade\TomcatServer\apache-tomcat-9.0.93\webapps\host-manager]
02-Sep-2024 21:57:43.326 INFO [main] org.apache.jasper.servlet.TldScanner.scanJars At least one JAR was scanned for TLDs yet contained no TLDs. Enable debug logging for this logger for a complete list of JARs that were scanned but no TLDs were found in them. Skipping unneeded JARs during scanning can improve startup time and JSP compilation time.
02-Sep-2024 21:57:43.336 INFO [main] org.apache.catalina.startup.HostConfig.deployDirectory Deployment of web application directory [C:\Users\vitor.RASO\Documents\Faculdade\TomcatServer\apache-tomcat-9.0.93\webapps\host-manager] has finished in [208] ms
02-Sep-2024 21:57:43.336 INFO [main] org.apache.catalina.startup.HostConfig.deployDirectory Diretório de instalação da aplicação web [C:\Users\vitor.RASO\Documents\Faculdade\TomcatServer\apache-tomcat-9.0.93\webapps\manager]
02-Sep-2024 21:57:43.509 INFO [main] org.apache.jasper.servlet.TldScanner.scanJars At least one JAR was scanned for TLDs yet contained no TLDs. Enable debug logging for this logger for a complete list of JARs that were scanned but no TLDs were found in them. Skipping unneeded JARs during scanning can improve startup time and JSP compilation time.
02-Sep-2024 21:57:43.516 INFO [main] org.apache.catalina.startup.HostConfig.deployDirectory Deployment of web application directory [C:\Users\vitor.RASO\Documents\Faculdade\TomcatServer\apache-tomcat-9.0.93\webapps\manager] has finished in [180] ms
02-Sep-2024 21:57:43.516 INFO [main] org.apache.catalina.startup.HostConfig.deployDirectory Diretório de instalação da aplicação web [C:\Users\vitor.RASO\Documents\Faculdade\TomcatServer\apache-tomcat-9.0.93\webapps\ROOT]
02-Sep-2024 21:57:43.723 INFO [main] org.apache.jasper.servlet.TldScanner.scanJars At least one JAR was scanned for TLDs yet contained no TLDs. Enable debug logging for this logger for a complete list of JARs that were scanned but no TLDs were found in them. Skipping unneeded JARs during scanning can improve startup time and JSP compilation time.
02-Sep-2024 21:57:43.734 INFO [main] org.apache.catalina.startup.HostConfig.deployDirectory Deployment of web application directory [C:\Users\vitor.RASO\Documents\Faculdade\TomcatServer\apache-tomcat-9.0.93\webapps\ROOT] has finished in [218] ms
02-Sep-2024 21:57:43.739 INFO [main] org.apache.coyote.AbstractProtocol.start Starting ProtocolHandler ["http-nio-8080"]
02-Sep-2024 21:57:43.885 INFO [main] org.apache.catalina.startup.Catalina.start Server startup in [11374] milliseconds
02-Sep-2024 21:57:49.502 INFO [http-nio-8080-exec-10] org.apache.catalina.startup.HostConfig.deployDescriptor Deploying deployment descriptor [C:\Users\vitor.RASO\Documents\Faculdade\TomcatServer\apache-tomcat-9.0.93\conf\Catalina\localhost\primeirosite.xml]
02-Sep-2024 21:57:49.503 WARNING [http-nio-8080-exec-10] org.apache.catalina.startup.HostConfig.deployDescriptor The path attribute with value [/primeirosite] in deployment descriptor [C:\Users\vitor.RASO\Documents\Faculdade\TomcatServer\apache-tomcat-9.0.93\conf\Catalina\localhost\primeirosite.xml] has been ignored
02-Sep-2024 21:57:49.573 INFO [http-nio-8080-exec-10] org.apache.jasper.servlet.TldScanner.scanJars At least one JAR was scanned for TLDs yet contained no TLDs. Enable debug logging for this logger for a complete list of JARs that were scanned but no TLDs were found in them. Skipping unneeded JARs during scanning can improve startup time and JSP compilation time.
02-Sep-2024 21:57:49.585 INFO [http-nio-8080-exec-10] org.apache.catalina.startup.HostConfig.deployDescriptor Deployment of deployment descriptor [C:\Users\vitor.RASO\Documents\Faculdade\TomcatServer\apache-tomcat-9.0.93\conf\Catalina\localhost\primeirosite.xml] has finished in [83] ms
02-Sep-2024 21:57:49.591 INFO [http-nio-8080-exec-1] org.apache.catalina.util.LifecycleBase.start The start() method was called on component [StandardEngine[Catalina].StandardHost[localhost].StandardContext[/primeirosite]] after start() had already been called. The second call will be ignored.
02-Sep-2024 22:19:31.762 INFO [main] org.apache.catalina.core.StandardServer.await A valid shutdown command was received via the shutdown port. Stopping the Server instance.
02-Sep-2024 22:19:31.762 INFO [main] org.apache.coyote.AbstractProtocol.pause Pausing ProtocolHandler ["http-nio-8080"]
02-Sep-2024 22:19:31.768 INFO [main] org.apache.catalina.core.StandardService.stopInternal Stopping service [Catalina]
02-Sep-2024 22:19:32.755 INFO [main] org.apache.coyote.AbstractProtocol.stop Stopping ProtocolHandler ["http-nio-8080"]
02-Sep-2024 22:19:32.774 INFO [main] org.apache.coyote.AbstractProtocol.destroy Destroying ProtocolHandler ["http-nio-8080"]
